FILE_TYPE=LIBRARY_PARTS;
PRIMITIVE 'C410C200K3G5TA','C410C200K3G5TA_Capacitors, Polarized Axial Diameter Horizontal Mounting';
  PIN
    '+':
      PIN_NUMBER='(1)';
      NO_LOAD_CHECK=BOTH;
      NO_IO_CHECK=BOTH;
      ALLOW_CONNECT=TRUE;
      PINUSE='UNSPEC';
    '-':
      PIN_NUMBER='(2)';
      NO_LOAD_CHECK=BOTH;
      NO_IO_CHECK=BOTH;
      ALLOW_CONNECT=TRUE;
      PINUSE='UNSPEC';
  END_PIN;
  BODY
    PART_NAME='C410C200K3G5TA';
    PHYS_DES_PREFIX='C';
    NO_LOAD_CHECK='TRUE';
    PIN_COUNT='2';
    BODY_NAME='C410C200K3G5TA';
    JEDEC_TYPE='CAPPA1396W54L432D241';
  END_BODY;
END_PRIMITIVE;
END.
