FILE_TYPE=LIBRARY_PARTS;
PRIMITIVE 'MCGPR200V106M10X13','MCGPR200V106M10X13_Capacitor, Polarized Radial Diameter';
  PIN
    '+':
      PIN_NUMBER='(1)';
      NO_LOAD_CHECK=BOTH;
      NO_IO_CHECK=BOTH;
      ALLOW_CONNECT=TRUE;
      PINUSE='UNSPEC';
    '-':
      PIN_NUMBER='(2)';
      NO_LOAD_CHECK=BOTH;
      NO_IO_CHECK=BOTH;
      ALLOW_CONNECT=TRUE;
      PINUSE='UNSPEC';
  END_PIN;
  BODY
    PART_NAME='MCGPR200V106M10X13';
    PHYS_DES_PREFIX='C';
    NO_LOAD_CHECK='TRUE';
    PIN_COUNT='2';
    BODY_NAME='MCGPR200V106M10X13';
    JEDEC_TYPE='CAPPRD500W62D1025H1400';
  END_BODY;
END_PRIMITIVE;
END.
