FILE_TYPE=LIBRARY_PARTS;
PRIMITIVE 'AK500_2DS_5.0_V_GREY','AK500_2DS_5.0_V_GREY_Other';
  PIN
    '1':
      PIN_NUMBER='(1)';
      NO_LOAD_CHECK=BOTH;
      NO_IO_CHECK=BOTH;
      ALLOW_CONNECT=TRUE;
      PINUSE='UNSPEC';
    '2':
      PIN_NUMBER='(2)';
      NO_LOAD_CHECK=BOTH;
      NO_IO_CHECK=BOTH;
      ALLOW_CONNECT=TRUE;
      PINUSE='UNSPEC';
  END_PIN;
  BODY
    PART_NAME='AK500_2DS_5.0_V_GREY';
    PHYS_DES_PREFIX='IC';
    NO_LOAD_CHECK='TRUE';
    PIN_COUNT='2';
    BODY_NAME='AK500_2DS_5.0_V_GREY';
    JEDEC_TYPE='AK5002DS50VGREY';
  END_BODY;
END_PRIMITIVE;
END.
